2025-11-11T08:22:25.387+05:30  INFO 20444 --- [lost-and-found-backend] [restartedMain] c.lostandfound.LostAndFoundApplication   : Starting LostAndFoundApplication using Java 17.0.12 with PID 20444 (C:\Project_Files\lost_spring\lost-and-found-backend\target\classes started by Aditya in C:\Project_Files\lost_spring\lost-and-found-backend)
2025-11-11T08:22:25.387+05:30 DEBUG 20444 --- [lost-and-found-backend] [restartedMain] c.lostandfound.LostAndFoundApplication   : Running with Spring Boot v3.2.0, Spring v6.1.1
2025-11-11T08:22:25.394+05:30  INFO 20444 --- [lost-and-found-backend] [restartedMain] c.lostandfound.LostAndFoundApplication   : No active profile set, falling back to 1 default profile: "default"
2025-11-11T08:22:25.438+05:30  INFO 20444 --- [lost-and-found-backend] [restartedMain] .e.DevToolsPropertyDefaultsPostProcessor : Devtools property defaults active! Set 'spring.devtools.add-properties' to 'false' to disable
2025-11-11T08:22:25.438+05:30  INFO 20444 --- [lost-and-found-backend] [restartedMain] .e.DevToolsPropertyDefaultsPostProcessor : For additional web related logging consider setting the 'logging.level.web' property to 'DEBUG'
2025-11-11T08:22:26.673+05:30  INFO 20444 --- [lost-and-found-backend] [restartedMain] .s.d.r.c.RepositoryConfigurationDelegate : Bootstrapping Spring Data JPA repositories in DEFAULT mode.
2025-11-11T08:22:26.746+05:30  INFO 20444 --- [lost-and-found-backend] [restartedMain] .s.d.r.c.RepositoryConfigurationDelegate : Finished Spring Data repository scanning in 61 ms. Found 6 JPA repository interfaces.
2025-11-11T08:22:27.893+05:30  INFO 20444 --- [lost-and-found-backend] [restartedMain] o.s.b.w.embedded.tomcat.TomcatWebServer  : Tomcat initialized with port 8080 (http)
2025-11-11T08:22:27.909+05:30  INFO 20444 --- [lost-and-found-backend] [restartedMain] o.apache.catalina.core.StandardService   : Starting service [Tomcat]
2025-11-11T08:22:27.909+05:30  INFO 20444 --- [lost-and-found-backend] [restartedMain] o.apache.catalina.core.StandardEngine    : Starting Servlet engine: [Apache Tomcat/10.1.16]
2025-11-11T08:22:27.977+05:30  INFO 20444 --- [lost-and-found-backend] [restartedMain] o.a.c.c.C.[Tomcat].[localhost].[/]       : Initializing Spring embedded WebApplicationContext
2025-11-11T08:22:27.977+05:30  INFO 20444 --- [lost-and-found-backend] [restartedMain] w.s.c.ServletWebServerApplicationContext : Root WebApplicationContext: initialization completed in 2539 ms
2025-11-11T08:22:28.321+05:30  INFO 20444 --- [lost-and-found-backend] [restartedMain] o.hibernate.jpa.internal.util.LogHelper  : HHH000204: Processing PersistenceUnitInfo [name: default]
2025-11-11T08:22:28.433+05:30  INFO 20444 --- [lost-and-found-backend] [restartedMain] org.hibernate.Version                    : HHH000412: Hibernate ORM core version 6.3.1.Final
2025-11-11T08:22:28.464+05:30  INFO 20444 --- [lost-and-found-backend] [restartedMain] o.h.c.internal.RegionFactoryInitiator    : HHH000026: Second-level cache disabled
2025-11-11T08:22:28.766+05:30  INFO 20444 --- [lost-and-found-backend] [restartedMain] o.s.o.j.p.SpringPersistenceUnitInfo      : No LoadTimeWeaver setup: ignoring JPA class transformer
2025-11-11T08:22:28.800+05:30  INFO 20444 --- [lost-and-found-backend] [restartedMain] com.zaxxer.hikari.HikariDataSource       : HikariPool-1 - Starting...
2025-11-11T08:22:29.067+05:30  INFO 20444 --- [lost-and-found-backend] [restartedMain] com.zaxxer.hikari.pool.HikariPool        : HikariPool-1 - Added connection com.mysql.cj.jdbc.ConnectionImpl@6eda0b61
2025-11-11T08:22:29.067+05:30  INFO 20444 --- [lost-and-found-backend] [restartedMain] com.zaxxer.hikari.HikariDataSource       : HikariPool-1 - Start completed.
2025-11-11T08:22:29.213+05:30  WARN 20444 --- [lost-and-found-backend] [restartedMain] org.hibernate.orm.deprecation            : HHH90000025: MySQL8Dialect does not need to be specified explicitly using 'hibernate.dialect' (remove the property setting and it will be selected by default)
2025-11-11T08:22:29.214+05:30  WARN 20444 --- [lost-and-found-backend] [restartedMain] org.hibernate.orm.deprecation            : HHH90000026: MySQL8Dialect has been deprecated; use org.hibernate.dialect.MySQLDialect instead
2025-11-11T08:22:30.322+05:30  INFO 20444 --- [lost-and-found-backend] [restartedMain] o.h.e.t.j.p.i.JtaPlatformInitiator       : HHH000489: No JTA platform available (set 'hibernate.transaction.jta.platform' to enable JTA platform integration)
2025-11-11T08:22:30.382+05:30 DEBUG 20444 --- [lost-and-found-backend] [restartedMain] org.hibernate.SQL                        : 
    create table claims (
        id bigint not null auto_increment,
        claimant_email varchar(255) not null,
        claimant_name varchar(255) not null,
        claimed_at datetime(6) not null,
        claimed_by bigint not null,
        item_id bigint not null,
        primary key (id)
    ) engine=InnoDB
2025-11-11T08:22:30.429+05:30 DEBUG 20444 --- [lost-and-found-backend] [restartedMain] org.hibernate.SQL                        : 
    create table feedback (
        id bigint not null auto_increment,
        feedback_text TEXT not null,
        submitted_at datetime(6) not null,
        user_id bigint not null,
        primary key (id)
    ) engine=InnoDB
2025-11-11T08:22:30.446+05:30 DEBUG 20444 --- [lost-and-found-backend] [restartedMain] org.hibernate.SQL                        : 
    create table items (
        id bigint not null auto_increment,
        created_at datetime(6) not null,
        description TEXT not null,
        image varchar(255),
        location varchar(255) not null,
        name varchar(255) not null,
        status enum ('LOST','FOUND','CLAIMED') not null,
        version bigint,
        created_by bigint not null,
        primary key (id)
    ) engine=InnoDB
2025-11-11T08:22:30.460+05:30 DEBUG 20444 --- [lost-and-found-backend] [restartedMain] org.hibernate.SQL                        : 
    create table messages (
        id bigint not null auto_increment,
        message TEXT not null,
        sent_at datetime(6) not null,
        item_id bigint not null,
        receiver_id bigint not null,
        sender_id bigint not null,
        primary key (id)
    ) engine=InnoDB
2025-11-11T08:22:30.492+05:30 DEBUG 20444 --- [lost-and-found-backend] [restartedMain] org.hibernate.SQL                        : 
    create table refresh_tokens (
        id bigint not null auto_increment,
        created_at datetime(6) not null,
        expiry_date datetime(6) not null,
        ip_address varchar(255),
        revoked bit,
        token varchar(500) not null,
        user_agent varchar(255),
        user_id bigint,
        primary key (id)
    ) engine=InnoDB
2025-11-11T08:22:30.508+05:30 DEBUG 20444 --- [lost-and-found-backend] [restartedMain] org.hibernate.SQL                        : 
    create table users (
        id bigint not null auto_increment,
        created_at datetime(6) not null,
        email varchar(255) not null,
        name varchar(255) not null,
        password varchar(255) not null,
        role enum ('USER','ADMIN') not null,
        primary key (id)
    ) engine=InnoDB
2025-11-11T08:22:30.529+05:30 DEBUG 20444 --- [lost-and-found-backend] [restartedMain] org.hibernate.SQL                        : 
    alter table refresh_tokens 
       drop index UK_ghpmfn23vmxfu3spu3lfg4r2d
2025-11-11T08:22:30.555+05:30 DEBUG 20444 --- [lost-and-found-backend] [restartedMain] org.hibernate.SQL                        : 
    alter table refresh_tokens 
       add constraint UK_ghpmfn23vmxfu3spu3lfg4r2d unique (token)
2025-11-11T08:22:30.603+05:30 DEBUG 20444 --- [lost-and-found-backend] [restartedMain] org.hibernate.SQL                        : 
    alter table refresh_tokens 
       drop index UK_7tdcd6ab5wsgoudnvj7xf1b7l
2025-11-11T08:22:30.603+05:30 DEBUG 20444 --- [lost-and-found-backend] [restartedMain] org.hibernate.SQL                        : 
    alter table refresh_tokens 
       add constraint UK_7tdcd6ab5wsgoudnvj7xf1b7l unique (user_id)
2025-11-11T08:22:30.637+05:30 DEBUG 20444 --- [lost-and-found-backend] [restartedMain] org.hibernate.SQL                        : 
    alter table users 
       drop index UK_6dotkott2kjsp8vw4d0m25fb7
2025-11-11T08:22:30.648+05:30 DEBUG 20444 --- [lost-and-found-backend] [restartedMain] org.hibernate.SQL                        : 
    alter table users 
       add constraint UK_6dotkott2kjsp8vw4d0m25fb7 unique (email)
2025-11-11T08:22:30.667+05:30 DEBUG 20444 --- [lost-and-found-backend] [restartedMain] org.hibernate.SQL                        : 
    alter table claims 
       add constraint FKluy9mbbepmhrqg3dq9pup5und 
       foreign key (claimed_by) 
       references users (id)
2025-11-11T08:22:30.772+05:30 DEBUG 20444 --- [lost-and-found-backend] [restartedMain] org.hibernate.SQL                        : 
    alter table claims 
       add constraint FKn32noe83jn3fnor7ybgtwmvwc 
       foreign key (item_id) 
       references items (id)
2025-11-11T08:22:30.889+05:30 DEBUG 20444 --- [lost-and-found-backend] [restartedMain] org.hibernate.SQL                        : 
    alter table feedback 
       add constraint FKpwwmhguqianghvi1wohmtsm8l 
       foreign key (user_id) 
       references users (id)
2025-11-11T08:22:30.954+05:30 DEBUG 20444 --- [lost-and-found-backend] [restartedMain] org.hibernate.SQL                        : 
    alter table items 
       add constraint FKstbwb3fvemcf9j1yf64fey29i 
       foreign key (created_by) 
       references users (id)
2025-11-11T08:22:31.016+05:30 DEBUG 20444 --- [lost-and-found-backend] [restartedMain] org.hibernate.SQL                        : 
    alter table messages 
       add constraint FKm9d0kc75v6ulhrlktrdvq4fav 
       foreign key (item_id) 
       references items (id)
2025-11-11T08:22:31.127+05:30 DEBUG 20444 --- [lost-and-found-backend] [restartedMain] org.hibernate.SQL                        : 
    alter table messages 
       add constraint FKt05r0b6n0iis8u7dfna4xdh73 
       foreign key (receiver_id) 
       references users (id)
2025-11-11T08:22:31.225+05:30 DEBUG 20444 --- [lost-and-found-backend] [restartedMain] org.hibernate.SQL                        : 
    alter table messages 
       add constraint FK4ui4nnwntodh6wjvck53dbk9m 
       foreign key (sender_id) 
       references users (id)
2025-11-11T08:22:31.300+05:30 DEBUG 20444 --- [lost-and-found-backend] [restartedMain] org.hibernate.SQL                        : 
    alter table refresh_tokens 
       add constraint FK1lih5y2npsf8u5o3vhdb9y0os 
       foreign key (user_id) 
       references users (id)
2025-11-11T08:22:31.413+05:30  INFO 20444 --- [lost-and-found-backend] [restartedMain] j.LocalContainerEntityManagerFactoryBean : Initialized JPA EntityManagerFactory for persistence unit 'default'
2025-11-11T08:22:32.094+05:30 DEBUG 20444 --- [lost-and-found-backend] [restartedMain] c.l.security.JwtAuthenticationFilter     : Filter 'jwtAuthenticationFilter' configured for use
2025-11-11T08:22:32.094+05:30 DEBUG 20444 --- [lost-and-found-backend] [restartedMain] o.s.w.f.ServerHttpObservationFilter      : Filter 'webMvcObservationFilter' configured for use
2025-11-11T08:22:32.094+05:30 DEBUG 20444 --- [lost-and-found-backend] [restartedMain] c.lostandfound.security.RateLimitFilter  : Filter 'rateLimitFilter' configured for use
2025-11-11T08:22:32.218+05:30  INFO 20444 --- [lost-and-found-backend] [restartedMain] o.s.d.j.r.query.QueryEnhancerFactory     : Hibernate is in classpath; If applicable, HQL parser will be used.
2025-11-11T08:22:33.305+05:30  WARN 20444 --- [lost-and-found-backend] [restartedMain] JpaBaseConfiguration$JpaWebConfiguration : spring.jpa.open-in-view is enabled by default. Therefore, database queries may be performed during view rendering. Explicitly configure spring.jpa.open-in-view to disable this warning
2025-11-11T08:22:33.592+05:30 DEBUG 20444 --- [lost-and-found-backend] [restartedMain] s.w.s.m.m.a.RequestMappingHandlerMapping : 35 mappings in 'requestMappingHandlerMapping'
2025-11-11T08:22:33.704+05:30 DEBUG 20444 --- [lost-and-found-backend] [restartedMain] o.s.w.s.handler.SimpleUrlHandlerMapping  : Patterns [/webjars/**, /**, /uploads/**, /static/**] in 'resourceHandlerMapping'
2025-11-11T08:22:33.923+05:30  INFO 20444 --- [lost-and-found-backend] [restartedMain] o.s.b.a.e.web.EndpointLinksResolver      : Exposing 3 endpoint(s) beneath base path '/actuator'
2025-11-11T08:22:34.025+05:30  INFO 20444 --- [lost-and-found-backend] [restartedMain] o.s.s.web.DefaultSecurityFilterChain     : Will secure any request with [org.springframework.security.web.session.DisableEncodeUrlFilter@701a71e5, org.springframework.security.web.context.request.async.WebAsyncManagerIntegrationFilter@4d852cd4, org.springframework.security.web.context.SecurityContextHolderFilter@4450de53, org.springframework.security.web.header.HeaderWriterFilter@3c866eb0, org.springframework.web.filter.CorsFilter@55fb0ec3, org.springframework.security.web.authentication.logout.LogoutFilter@5cb67808, com.lostandfound.security.RateLimitFilter@2d14736a, com.lostandfound.security.JwtAuthenticationFilter@642f4aa7, org.springframework.security.web.savedrequest.RequestCacheAwareFilter@247454d3, org.springframework.security.web.servletapi.SecurityContextHolderAwareRequestFilter@48ab1288, org.springframework.security.web.authentication.AnonymousAuthenticationFilter@782ae79b, org.springframework.security.web.session.SessionManagementFilter@458ea7d8, org.springframework.security.web.access.ExceptionTranslationFilter@10d7aa85, org.springframework.security.web.access.intercept.AuthorizationFilter@42cd9054]
2025-11-11T08:22:34.228+05:30 DEBUG 20444 --- [lost-and-found-backend] [restartedMain] s.w.s.m.m.a.RequestMappingHandlerAdapter : ControllerAdvice beans: 0 @ModelAttribute, 0 @InitBinder, 1 RequestBodyAdvice, 1 ResponseBodyAdvice
2025-11-11T08:22:34.289+05:30 DEBUG 20444 --- [lost-and-found-backend] [restartedMain] .m.m.a.ExceptionHandlerExceptionResolver : ControllerAdvice beans: 1 @ExceptionHandler, 1 ResponseBodyAdvice
2025-11-11T08:22:34.614+05:30  INFO 20444 --- [lost-and-found-backend] [restartedMain] o.s.b.d.a.OptionalLiveReloadServer       : LiveReload server is running on port 35729
2025-11-11T08:22:34.691+05:30  INFO 20444 --- [lost-and-found-backend] [restartedMain] o.s.b.w.embedded.tomcat.TomcatWebServer  : Tomcat started on port 8080 (http) with context path ''
2025-11-11T08:22:34.710+05:30  INFO 20444 --- [lost-and-found-backend] [restartedMain] c.lostandfound.LostAndFoundApplication   : Started LostAndFoundApplication in 9.736 seconds (process running for 10.114)
2025-11-11T08:28:08.804+05:30  INFO 20444 --- [lost-and-found-backend] [File Watcher] rtingClassPathChangeChangedEventListener : Restarting due to 1 class path change (0 additions, 0 deletions, 1 modification)
2025-11-11T08:28:08.821+05:30  INFO 20444 --- [lost-and-found-backend] [Thread-5] j.LocalContainerEntityManagerFactoryBean : Closing JPA EntityManagerFactory for persistence unit 'default'
2025-11-11T08:28:08.824+05:30  INFO 20444 --- [lost-and-found-backend] [Thread-5] com.zaxxer.hikari.HikariDataSource       : HikariPool-1 - Shutdown initiated...
2025-11-11T08:28:08.836+05:30  INFO 20444 --- [lost-and-found-backend] [Thread-5] com.zaxxer.hikari.HikariDataSource       : HikariPool-1 - Shutdown completed.
2025-11-11T08:28:09.014+05:30  INFO 20444 --- [lost-and-found-backend] [restartedMain] c.lostandfound.LostAndFoundApplication   : Starting LostAndFoundApplication using Java 17.0.12 with PID 20444 (C:\Project_Files\lost_spring\lost-and-found-backend\target\classes started by Aditya in C:\Project_Files\lost_spring\lost-and-found-backend)
2025-11-11T08:28:09.016+05:30 DEBUG 20444 --- [lost-and-found-backend] [restartedMain] c.lostandfound.LostAndFoundApplication   : Running with Spring Boot v3.2.0, Spring v6.1.1
2025-11-11T08:28:09.016+05:30  INFO 20444 --- [lost-and-found-backend] [restartedMain] c.lostandfound.LostAndFoundApplication   : No active profile set, falling back to 1 default profile: "default"
2025-11-11T08:28:09.478+05:30  INFO 20444 --- [lost-and-found-backend] [restartedMain] .s.d.r.c.RepositoryConfigurationDelegate : Bootstrapping Spring Data JPA repositories in DEFAULT mode.
2025-11-11T08:28:09.495+05:30  INFO 20444 --- [lost-and-found-backend] [restartedMain] .s.d.r.c.RepositoryConfigurationDelegate : Finished Spring Data repository scanning in 15 ms. Found 6 JPA repository interfaces.
2025-11-11T08:28:09.674+05:30  INFO 20444 --- [lost-and-found-backend] [restartedMain] o.s.b.w.embedded.tomcat.TomcatWebServer  : Tomcat initialized with port 8080 (http)
2025-11-11T08:28:09.675+05:30  INFO 20444 --- [lost-and-found-backend] [restartedMain] o.apache.catalina.core.StandardService   : Starting service [Tomcat]
2025-11-11T08:28:09.675+05:30  INFO 20444 --- [lost-and-found-backend] [restartedMain] o.apache.catalina.core.StandardEngine    : Starting Servlet engine: [Apache Tomcat/10.1.16]
2025-11-11T08:28:09.686+05:30  INFO 20444 --- [lost-and-found-backend] [restartedMain] o.a.c.c.C.[Tomcat].[localhost].[/]       : Initializing Spring embedded WebApplicationContext
2025-11-11T08:28:09.686+05:30  INFO 20444 --- [lost-and-found-backend] [restartedMain] w.s.c.ServletWebServerApplicationContext : Root WebApplicationContext: initialization completed in 665 ms
2025-11-11T08:28:09.754+05:30 ERROR 20444 --- [lost-and-found-backend] [restartedMain] o.s.b.web.embedded.tomcat.TomcatStarter  : Error starting Tomcat context. Exception: org.springframework.beans.factory.UnsatisfiedDependencyException. Message: Error creating bean with name 'jwtAuthenticationFilter' defined in file [C:\Project_Files\lost_spring\lost-and-found-backend\target\classes\com\lostandfound\security\JwtAuthenticationFilter.class]: Unsatisfied dependency expressed through constructor parameter 0: Error creating bean with name 'jwtTokenProvider': Injection of autowired dependencies failed
2025-11-11T08:28:09.755+05:30  INFO 20444 --- [lost-and-found-backend] [restartedMain] o.apache.catalina.core.StandardService   : Stopping service [Tomcat]
2025-11-11T08:28:09.757+05:30  WARN 20444 --- [lost-and-found-backend] [restartedMain] ConfigServletWebServerApplicationContext : Exception encountered during context initialization - cancelling refresh attempt: org.springframework.context.ApplicationContextException: Unable to start web server
2025-11-11T08:28:09.763+05:30  INFO 20444 --- [lost-and-found-backend] [restartedMain] .s.b.a.l.ConditionEvaluationReportLogger : 

Error starting ApplicationContext. To display the condition evaluation report re-run your application with 'debug' enabled.
2025-11-11T08:28:09.775+05:30 ERROR 20444 --- [lost-and-found-backend] [restartedMain] o.s.boot.SpringApplication               : Application run failed

org.springframework.context.ApplicationContextException: Unable to start web server
	at org.springframework.boot.web.servlet.context.ServletWebServerApplicationContext.onRefresh(ServletWebServerApplicationContext.java:165) ~[spring-boot-3.2.0.jar:3.2.0]
	at org.springframework.context.support.AbstractApplicationContext.refresh(AbstractApplicationContext.java:610) ~[spring-context-6.1.1.jar:6.1.1]
	at org.springframework.boot.web.servlet.context.ServletWebServerApplicationContext.refresh(ServletWebServerApplicationContext.java:146) ~[spring-boot-3.2.0.jar:3.2.0]
	at org.springframework.boot.SpringApplication.refresh(SpringApplication.java:753) ~[spring-boot-3.2.0.jar:3.2.0]
	at org.springframework.boot.SpringApplication.refreshContext(SpringApplication.java:455) ~[spring-boot-3.2.0.jar:3.2.0]
	at org.springframework.boot.SpringApplication.run(SpringApplication.java:323) ~[spring-boot-3.2.0.jar:3.2.0]
	at org.springframework.boot.SpringApplication.run(SpringApplication.java:1342) ~[spring-boot-3.2.0.jar:3.2.0]
	at org.springframework.boot.SpringApplication.run(SpringApplication.java:1331) ~[spring-boot-3.2.0.jar:3.2.0]
	at com.lostandfound.LostAndFoundApplication.main(LostAndFoundApplication.java:11) ~[classes/:na]
	at java.base/jdk.internal.reflect.NativeMethodAccessorImpl.invoke0(Native Method) ~[na:na]
	at java.base/jdk.internal.reflect.NativeMethodAccessorImpl.invoke(NativeMethodAccessorImpl.java:77) ~[na:na]
	at java.base/jdk.internal.reflect.DelegatingMethodAccessorImpl.invoke(DelegatingMethodAccessorImpl.java:43) ~[na:na]
	at java.base/java.lang.reflect.Method.invoke(Method.java:568) ~[na:na]
	at org.springframework.boot.devtools.restart.RestartLauncher.run(RestartLauncher.java:50) ~[spring-boot-devtools-3.2.0.jar:3.2.0]
Caused by: org.springframework.boot.web.server.WebServerException: Unable to start embedded Tomcat
	at org.springframework.boot.web.embedded.tomcat.TomcatWebServer.initialize(TomcatWebServer.java:142) ~[spring-boot-3.2.0.jar:3.2.0]
	at org.springframework.boot.web.embedded.tomcat.TomcatWebServer.<init>(TomcatWebServer.java:104) ~[spring-boot-3.2.0.jar:3.2.0]
	at org.springframework.boot.web.embedded.tomcat.TomcatServletWebServerFactory.getTomcatWebServer(TomcatServletWebServerFactory.java:501) ~[spring-boot-3.2.0.jar:3.2.0]
	at org.springframework.boot.web.embedded.tomcat.TomcatServletWebServerFactory.getWebServer(TomcatServletWebServerFactory.java:218) ~[spring-boot-3.2.0.jar:3.2.0]
	at org.springframework.boot.web.servlet.context.ServletWebServerApplicationContext.createWebServer(ServletWebServerApplicationContext.java:188) ~[spring-boot-3.2.0.jar:3.2.0]
	at org.springframework.boot.web.servlet.context.ServletWebServerApplicationContext.onRefresh(ServletWebServerApplicationContext.java:162) ~[spring-boot-3.2.0.jar:3.2.0]
	... 13 common frames omitted
Caused by: org.springframework.beans.factory.UnsatisfiedDependencyException: Error creating bean with name 'jwtAuthenticationFilter' defined in file [C:\Project_Files\lost_spring\lost-and-found-backend\target\classes\com\lostandfound\security\JwtAuthenticationFilter.class]: Unsatisfied dependency expressed through constructor parameter 0: Error creating bean with name 'jwtTokenProvider': Injection of autowired dependencies failed
	at org.springframework.beans.factory.support.ConstructorResolver.createArgumentArray(ConstructorResolver.java:802) ~[spring-beans-6.1.1.jar:6.1.1]
	at org.springframework.beans.factory.support.ConstructorResolver.autowireConstructor(ConstructorResolver.java:241) ~[spring-beans-6.1.1.jar:6.1.1]
	at org.springframework.beans.factory.support.AbstractAutowireCapableBeanFactory.autowireConstructor(AbstractAutowireCapableBeanFactory.java:1356) ~[spring-beans-6.1.1.jar:6.1.1]
	at org.springframework.beans.factory.support.AbstractAutowireCapableBeanFactory.createBeanInstance(AbstractAutowireCapableBeanFactory.java:1193) ~[spring-beans-6.1.1.jar:6.1.1]
	at org.springframework.beans.factory.support.AbstractAutowireCapableBeanFactory.doCreateBean(AbstractAutowireCapableBeanFactory.java:563) ~[spring-beans-6.1.1.jar:6.1.1]
	at org.springframework.beans.factory.support.AbstractAutowireCapableBeanFactory.createBean(AbstractAutowireCapableBeanFactory.java:523) ~[spring-beans-6.1.1.jar:6.1.1]
	at org.springframework.beans.factory.support.AbstractBeanFactory.lambda$doGetBean$0(AbstractBeanFactory.java:325) ~[spring-beans-6.1.1.jar:6.1.1]
	at org.springframework.beans.factory.support.DefaultSingletonBeanRegistry.getSingleton(DefaultSingletonBeanRegistry.java:234) ~[spring-beans-6.1.1.jar:6.1.1]
	at org.springframework.beans.factory.support.AbstractBeanFactory.doGetBean(AbstractBeanFactory.java:323) ~[spring-beans-6.1.1.jar:6.1.1]
	at org.springframework.beans.factory.support.AbstractBeanFactory.getBean(AbstractBeanFactory.java:204) ~[spring-beans-6.1.1.jar:6.1.1]
	at org.springframework.boot.web.servlet.ServletContextInitializerBeans.getOrderedBeansOfType(ServletContextInitializerBeans.java:210) ~[spring-boot-3.2.0.jar:3.2.0]
	at org.springframework.boot.web.servlet.ServletContextInitializerBeans.addAsRegistrationBean(ServletContextInitializerBeans.java:173) ~[spring-boot-3.2.0.jar:3.2.0]
	at org.springframework.boot.web.servlet.ServletContextInitializerBeans.addAsRegistrationBean(ServletContextInitializerBeans.java:168) ~[spring-boot-3.2.0.jar:3.2.0]
	at org.springframework.boot.web.servlet.ServletContextInitializerBeans.addAdaptableBeans(ServletContextInitializerBeans.java:153) ~[spring-boot-3.2.0.jar:3.2.0]
	at org.springframework.boot.web.servlet.ServletContextInitializerBeans.<init>(ServletContextInitializerBeans.java:86) ~[spring-boot-3.2.0.jar:3.2.0]
	at org.springframework.boot.web.servlet.context.ServletWebServerApplicationContext.getServletContextInitializerBeans(ServletWebServerApplicationContext.java:266) ~[spring-boot-3.2.0.jar:3.2.0]
	at org.springframework.boot.web.servlet.context.ServletWebServerApplicationContext.selfInitialize(ServletWebServerApplicationContext.java:240) ~[spring-boot-3.2.0.jar:3.2.0]
	at org.springframework.boot.web.embedded.tomcat.TomcatStarter.onStartup(TomcatStarter.java:52) ~[spring-boot-3.2.0.jar:3.2.0]
	at org.apache.catalina.core.StandardContext.startInternal(StandardContext.java:4850) ~[tomcat-embed-core-10.1.16.jar:10.1.16]
	at org.apache.catalina.util.LifecycleBase.start(LifecycleBase.java:171) ~[tomcat-embed-core-10.1.16.jar:10.1.16]
	at org.apache.catalina.core.ContainerBase$StartChild.call(ContainerBase.java:1332) ~[tomcat-embed-core-10.1.16.jar:10.1.16]
	at org.apache.catalina.core.ContainerBase$StartChild.call(ContainerBase.java:1322) ~[tomcat-embed-core-10.1.16.jar:10.1.16]
	at java.base/java.util.concurrent.FutureTask.run(FutureTask.java:264) ~[na:na]
	at org.apache.tomcat.util.threads.InlineExecutorService.execute(InlineExecutorService.java:75) ~[tomcat-embed-core-10.1.16.jar:10.1.16]
	at java.base/java.util.concurrent.AbstractExecutorService.submit(AbstractExecutorService.java:145) ~[na:na]
	at org.apache.catalina.core.ContainerBase.startInternal(ContainerBase.java:866) ~[tomcat-embed-core-10.1.16.jar:10.1.16]
	at org.apache.catalina.core.StandardHost.startInternal(StandardHost.java:845) ~[tomcat-embed-core-10.1.16.jar:10.1.16]
	at org.apache.catalina.util.LifecycleBase.start(LifecycleBase.java:171) ~[tomcat-embed-core-10.1.16.jar:10.1.16]
	at org.apache.catalina.core.ContainerBase$StartChild.call(ContainerBase.java:1332) ~[tomcat-embed-core-10.1.16.jar:10.1.16]
	at org.apache.catalina.core.ContainerBase$StartChild.call(ContainerBase.java:1322) ~[tomcat-embed-core-10.1.16.jar:10.1.16]
	at java.base/java.util.concurrent.FutureTask.run(FutureTask.java:264) ~[na:na]
	at org.apache.tomcat.util.threads.InlineExecutorService.execute(InlineExecutorService.java:75) ~[tomcat-embed-core-10.1.16.jar:10.1.16]
	at java.base/java.util.concurrent.AbstractExecutorService.submit(AbstractExecutorService.java:145) ~[na:na]
	at org.apache.catalina.core.ContainerBase.startInternal(ContainerBase.java:866) ~[tomcat-embed-core-10.1.16.jar:10.1.16]
	at org.apache.catalina.core.StandardEngine.startInternal(StandardEngine.java:240) ~[tomcat-embed-core-10.1.16.jar:10.1.16]
	at org.apache.catalina.util.LifecycleBase.start(LifecycleBase.java:171) ~[tomcat-embed-core-10.1.16.jar:10.1.16]
	at org.apache.catalina.core.StandardService.startInternal(StandardService.java:433) ~[tomcat-embed-core-10.1.16.jar:10.1.16]
	at org.apache.catalina.util.LifecycleBase.start(LifecycleBase.java:171) ~[tomcat-embed-core-10.1.16.jar:10.1.16]
	at org.apache.catalina.core.StandardServer.startInternal(StandardServer.java:917) ~[tomcat-embed-core-10.1.16.jar:10.1.16]
	at org.apache.catalina.util.LifecycleBase.start(LifecycleBase.java:171) ~[tomcat-embed-core-10.1.16.jar:10.1.16]
	at org.apache.catalina.startup.Tomcat.start(Tomcat.java:488) ~[tomcat-embed-core-10.1.16.jar:10.1.16]
	at org.springframework.boot.web.embedded.tomcat.TomcatWebServer.initialize(TomcatWebServer.java:123) ~[spring-boot-3.2.0.jar:3.2.0]
	... 18 common frames omitted
Caused by: org.springframework.beans.factory.BeanCreationException: Error creating bean with name 'jwtTokenProvider': Injection of autowired dependencies failed
	at org.springframework.beans.factory.annotation.AutowiredAnnotationBeanPostProcessor.postProcessProperties(AutowiredAnnotationBeanPostProcessor.java:499) ~[spring-beans-6.1.1.jar:6.1.1]
	at org.springframework.beans.factory.support.AbstractAutowireCapableBeanFactory.populateBean(AbstractAutowireCapableBeanFactory.java:1420) ~[spring-beans-6.1.1.jar:6.1.1]
	at org.springframework.beans.factory.support.AbstractAutowireCapableBeanFactory.doCreateBean(AbstractAutowireCapableBeanFactory.java:600) ~[spring-beans-6.1.1.jar:6.1.1]
	at org.springframework.beans.factory.support.AbstractAutowireCapableBeanFactory.createBean(AbstractAutowireCapableBeanFactory.java:523) ~[spring-beans-6.1.1.jar:6.1.1]
	at org.springframework.beans.factory.support.AbstractBeanFactory.lambda$doGetBean$0(AbstractBeanFactory.java:325) ~[spring-beans-6.1.1.jar:6.1.1]
	at org.springframework.beans.factory.support.DefaultSingletonBeanRegistry.getSingleton(DefaultSingletonBeanRegistry.java:234) ~[spring-beans-6.1.1.jar:6.1.1]
	at org.springframework.beans.factory.support.AbstractBeanFactory.doGetBean(AbstractBeanFactory.java:323) ~[spring-beans-6.1.1.jar:6.1.1]
	at org.springframework.beans.factory.support.AbstractBeanFactory.getBean(AbstractBeanFactory.java:199) ~[spring-beans-6.1.1.jar:6.1.1]
	at org.springframework.beans.factory.config.DependencyDescriptor.resolveCandidate(DependencyDescriptor.java:254) ~[spring-beans-6.1.1.jar:6.1.1]
	at org.springframework.beans.factory.support.DefaultListableBeanFactory.doResolveDependency(DefaultListableBeanFactory.java:1441) ~[spring-beans-6.1.1.jar:6.1.1]
	at org.springframework.beans.factory.support.DefaultListableBeanFactory.resolveDependency(DefaultListableBeanFactory.java:1348) ~[spring-beans-6.1.1.jar:6.1.1]
	at org.springframework.beans.factory.support.ConstructorResolver.resolveAutowiredArgument(ConstructorResolver.java:911) ~[spring-beans-6.1.1.jar:6.1.1]
	at org.springframework.beans.factory.support.ConstructorResolver.createArgumentArray(ConstructorResolver.java:789) ~[spring-beans-6.1.1.jar:6.1.1]
	... 59 common frames omitted
Caused by: java.lang.IllegalArgumentException: Could not resolve placeholder 'xkVgwtSPKpZ6HbrYQ2x5veAndRzrjKy7JAq58NgIhtRKgTBD+uXhpT8qFDh54jRe' in value "${xkVgwtSPKpZ6HbrYQ2x5veAndRzrjKy7JAq58NgIhtRKgTBD+uXhpT8qFDh54jRe}"
	at org.springframework.util.PropertyPlaceholderHelper.parseStringValue(PropertyPlaceholderHelper.java:180) ~[spring-core-6.1.1.jar:6.1.1]
	at org.springframework.util.PropertyPlaceholderHelper.replacePlaceholders(PropertyPlaceholderHelper.java:126) ~[spring-core-6.1.1.jar:6.1.1]
	at org.springframework.core.env.AbstractPropertyResolver.doResolvePlaceholders(AbstractPropertyResolver.java:239) ~[spring-core-6.1.1.jar:6.1.1]
	at org.springframework.core.env.AbstractPropertyResolver.resolveRequiredPlaceholders(AbstractPropertyResolver.java:210) ~[spring-core-6.1.1.jar:6.1.1]
	at org.springframework.core.env.AbstractPropertyResolver.resolveNestedPlaceholders(AbstractPropertyResolver.java:230) ~[spring-core-6.1.1.jar:6.1.1]
	at org.springframework.boot.context.properties.source.ConfigurationPropertySourcesPropertyResolver.getProperty(ConfigurationPropertySourcesPropertyResolver.java:79) ~[spring-boot-3.2.0.jar:3.2.0]
	at org.springframework.boot.context.properties.source.ConfigurationPropertySourcesPropertyResolver.getProperty(ConfigurationPropertySourcesPropertyResolver.java:60) ~[spring-boot-3.2.0.jar:3.2.0]
	at org.springframework.core.env.AbstractEnvironment.getProperty(AbstractEnvironment.java:552) ~[spring-core-6.1.1.jar:6.1.1]
	at org.springframework.context.support.PropertySourcesPlaceholderConfigurer$1.getProperty(PropertySourcesPlaceholderConfigurer.java:153) ~[spring-context-6.1.1.jar:6.1.1]
	at org.springframework.context.support.PropertySourcesPlaceholderConfigurer$1.getProperty(PropertySourcesPlaceholderConfigurer.java:149) ~[spring-context-6.1.1.jar:6.1.1]
	at org.springframework.core.env.PropertySourcesPropertyResolver.getProperty(PropertySourcesPropertyResolver.java:85) ~[spring-core-6.1.1.jar:6.1.1]
	at org.springframework.core.env.PropertySourcesPropertyResolver.getPropertyAsRawString(PropertySourcesPropertyResolver.java:74) ~[spring-core-6.1.1.jar:6.1.1]
	at org.springframework.util.PropertyPlaceholderHelper.parseStringValue(PropertyPlaceholderHelper.java:153) ~[spring-core-6.1.1.jar:6.1.1]
	at org.springframework.util.PropertyPlaceholderHelper.replacePlaceholders(PropertyPlaceholderHelper.java:126) ~[spring-core-6.1.1.jar:6.1.1]
	at org.springframework.core.env.AbstractPropertyResolver.doResolvePlaceholders(AbstractPropertyResolver.java:239) ~[spring-core-6.1.1.jar:6.1.1]
	at org.springframework.core.env.AbstractPropertyResolver.resolveRequiredPlaceholders(AbstractPropertyResolver.java:210) ~[spring-core-6.1.1.jar:6.1.1]
	at org.springframework.context.support.PropertySourcesPlaceholderConfigurer.lambda$processProperties$0(PropertySourcesPlaceholderConfigurer.java:200) ~[spring-context-6.1.1.jar:6.1.1]
	at org.springframework.beans.factory.support.AbstractBeanFactory.resolveEmbeddedValue(AbstractBeanFactory.java:921) ~[spring-beans-6.1.1.jar:6.1.1]
	at org.springframework.beans.factory.support.DefaultListableBeanFactory.doResolveDependency(DefaultListableBeanFactory.java:1372) ~[spring-beans-6.1.1.jar:6.1.1]
	at org.springframework.beans.factory.support.DefaultListableBeanFactory.resolveDependency(DefaultListableBeanFactory.java:1348) ~[spring-beans-6.1.1.jar:6.1.1]
	at org.springframework.beans.factory.annotation.AutowiredAnnotationBeanPostProcessor$AutowiredFieldElement.resolveFieldValue(AutowiredAnnotationBeanPostProcessor.java:769) ~[spring-beans-6.1.1.jar:6.1.1]
	at org.springframework.beans.factory.annotation.AutowiredAnnotationBeanPostProcessor$AutowiredFieldElement.inject(AutowiredAnnotationBeanPostProcessor.java:752) ~[spring-beans-6.1.1.jar:6.1.1]
	at org.springframework.beans.factory.annotation.InjectionMetadata.inject(InjectionMetadata.java:145) ~[spring-beans-6.1.1.jar:6.1.1]
	at org.springframework.beans.factory.annotation.AutowiredAnnotationBeanPostProcessor.postProcessProperties(AutowiredAnnotationBeanPostProcessor.java:493) ~[spring-beans-6.1.1.jar:6.1.1]
	... 71 common frames omitted

